<?xml version="1.0" encoding="UTF-8"?>
<testng-results ignored="0" total="2" passed="2" failed="0" skipped="0">
  <reporter-output>
  </reporter-output>
  <suite started-at="2023-03-14T13:52:04 IST" name="Default suite" finished-at="2023-03-14T13:53:04 IST" duration-ms="59474">
    <groups>
      <group name="cucumber">
        <method signature="AbstractTestNGCucumberTests.runScenario(io.cucumber.testng.PickleWrapper,io.cucumber.testng.FeatureWrapper)[pri:0, instance:com.citi.runner.RunnerTest@7d0b7e3c]" name="runScenario" class="io.cucumber.testng.AbstractTestNGCucumberTests"/>
      </group> <!-- cucumber -->
    </groups>
    <test started-at="2023-03-14T13:52:04 IST" name="Default test" finished-at="2023-03-14T13:53:04 IST" duration-ms="59474">
      <class name="com.citi.runner.RunnerTest">
        <test-method is-config="true" signature="setUpClass(org.testng.ITestContext)[pri:0, instance:com.citi.runner.RunnerTest@7d0b7e3c]" started-at="2023-03-14T13:52:04 IST" name="setUpClass" finished-at="2023-03-14T13:52:05 IST" duration-ms="1062" status="PASS">
          <params>
            <param index="0">
              <value>
                <![CDATA[org.testng.TestRunner@383f3558]]>
              </value>
            </param>
          </params>
          <reporter-output>
          </reporter-output>
        </test-method> <!-- setUpClass -->
        <test-method signature="runScenario(io.cucumber.testng.PickleWrapper,io.cucumber.testng.FeatureWrapper)[pri:0, instance:com.citi.runner.RunnerTest@7d0b7e3c]" started-at="2023-03-14T13:52:05 IST" name="runScenario" description="Runs Cucumber Scenarios" data-provider="scenarios" finished-at="2023-03-14T13:52:36 IST" duration-ms="30868" status="PASS">
          <params>
            <param index="0">
              <value>
                <![CDATA["Add Valid Patient"]]>
              </value>
            </param>
            <param index="1">
              <value>
                <![CDATA["Patient"]]>
              </value>
            </param>
          </params>
          <reporter-output>
          </reporter-output>
        </test-method> <!-- runScenario -->
        <test-method signature="runScenario(io.cucumber.testng.PickleWrapper,io.cucumber.testng.FeatureWrapper)[pri:0, instance:com.citi.runner.RunnerTest@7d0b7e3c]" started-at="2023-03-14T13:52:36 IST" name="runScenario" description="Runs Cucumber Scenarios" data-provider="scenarios" finished-at="2023-03-14T13:53:04 IST" duration-ms="27364" status="PASS">
          <params>
            <param index="0">
              <value>
                <![CDATA["Add Valid Patient"]]>
              </value>
            </param>
            <param index="1">
              <value>
                <![CDATA["Patient"]]>
              </value>
            </param>
          </params>
          <reporter-output>
          </reporter-output>
        </test-method> <!-- runScenario -->
        <test-method is-config="true" signature="tearDownClass()[pri:0, instance:com.citi.runner.RunnerTest@7d0b7e3c]" started-at="2023-03-14T13:53:04 IST" name="tearDownClass" finished-at="2023-03-14T13:53:04 IST" duration-ms="89" status="PASS">
          <reporter-output>
          </reporter-output>
        </test-method> <!-- tearDownClass -->
      </class> <!-- com.citi.runner.RunnerTest -->
    </test> <!-- Default test -->
  </suite> <!-- Default suite -->
</testng-results>
