<?xml version="1.0" encoding="UTF-8"?>
<testng-results ignored="0" total="2" passed="2" failed="0" skipped="0">
  <reporter-output>
  </reporter-output>
  <suite started-at="2023-03-15T10:51:19 IST" name="Default suite" finished-at="2023-03-15T10:51:55 IST" duration-ms="35208">
    <groups>
      <group name="cucumber">
        <method signature="AbstractTestNGCucumberTests.runScenario(io.cucumber.testng.PickleWrapper,io.cucumber.testng.FeatureWrapper)[pri:0, instance:com.citi.runner.RunnerTest@6e9175d8]" name="runScenario" class="io.cucumber.testng.AbstractTestNGCucumberTests"/>
      </group> <!-- cucumber -->
    </groups>
    <test started-at="2023-03-15T10:51:19 IST" name="Default test" finished-at="2023-03-15T10:51:55 IST" duration-ms="35208">
      <class name="com.citi.runner.RunnerTest">
        <test-method is-config="true" signature="setUpClass(org.testng.ITestContext)[pri:0, instance:com.citi.runner.RunnerTest@6e9175d8]" started-at="2023-03-15T10:51:19 IST" name="setUpClass" finished-at="2023-03-15T10:51:20 IST" duration-ms="1017" status="PASS">
          <params>
            <param index="0">
              <value>
                <![CDATA[org.testng.TestRunner@7a9ceddf]]>
              </value>
            </param>
          </params>
          <reporter-output>
          </reporter-output>
        </test-method> <!-- setUpClass -->
        <test-method signature="runScenario(io.cucumber.testng.PickleWrapper,io.cucumber.testng.FeatureWrapper)[pri:0, instance:com.citi.runner.RunnerTest@6e9175d8]" started-at="2023-03-15T10:51:20 IST" name="runScenario" description="Runs Cucumber Scenarios" data-provider="scenarios" finished-at="2023-03-15T10:51:39 IST" duration-ms="18248" status="PASS">
          <params>
            <param index="0">
              <value>
                <![CDATA["Add Valid Patient"]]>
              </value>
            </param>
            <param index="1">
              <value>
                <![CDATA["Patient"]]>
              </value>
            </param>
          </params>
          <reporter-output>
          </reporter-output>
        </test-method> <!-- runScenario -->
        <test-method signature="runScenario(io.cucumber.testng.PickleWrapper,io.cucumber.testng.FeatureWrapper)[pri:0, instance:com.citi.runner.RunnerTest@6e9175d8]" started-at="2023-03-15T10:51:39 IST" name="runScenario" description="Runs Cucumber Scenarios" data-provider="scenarios" finished-at="2023-03-15T10:51:54 IST" duration-ms="15793" status="PASS">
          <params>
            <param index="0">
              <value>
                <![CDATA["Add Valid Patient"]]>
              </value>
            </param>
            <param index="1">
              <value>
                <![CDATA["Patient"]]>
              </value>
            </param>
          </params>
          <reporter-output>
          </reporter-output>
        </test-method> <!-- runScenario -->
        <test-method is-config="true" signature="tearDownClass()[pri:0, instance:com.citi.runner.RunnerTest@6e9175d8]" started-at="2023-03-15T10:51:54 IST" name="tearDownClass" finished-at="2023-03-15T10:51:55 IST" duration-ms="77" status="PASS">
          <reporter-output>
          </reporter-output>
        </test-method> <!-- tearDownClass -->
      </class> <!-- com.citi.runner.RunnerTest -->
    </test> <!-- Default test -->
  </suite> <!-- Default suite -->
</testng-results>
